f:\emulator software\stormlib-master\bin\stormlib_dll\win32\release\compress.obj
f:\emulator software\stormlib-master\bin\stormlib_dll\win32\release\bzlib.obj
f:\emulator software\stormlib-master\bin\stormlib_dll\win32\release\blocksort.obj
f:\emulator software\stormlib-master\bin\stormlib_dll\win32\release\rsa_sign_hash.obj
f:\emulator software\stormlib-master\bin\stormlib_dll\win32\release\pkcs_1_v1_5_encode.obj
f:\emulator software\stormlib-master\bin\stormlib_dll\win32\release\pkcs_1_pss_encode.obj
f:\emulator software\stormlib-master\bin\stormlib_dll\win32\release\der_encode_utf8_string.obj
f:\emulator software\stormlib-master\bin\stormlib_dll\win32\release\der_encode_utctime.obj
f:\emulator software\stormlib-master\bin\stormlib_dll\win32\release\der_encode_short_integer.obj
f:\emulator software\stormlib-master\bin\stormlib_dll\win32\release\der_encode_setof.obj
f:\emulator software\stormlib-master\bin\stormlib_dll\win32\release\der_encode_set.obj
f:\emulator software\stormlib-master\bin\stormlib_dll\win32\release\der_encode_sequence_multi.obj
f:\emulator software\stormlib-master\bin\stormlib_dll\win32\release\der_encode_sequence_ex.obj
f:\emulator software\stormlib-master\bin\stormlib_dll\win32\release\der_encode_printable_string.obj
f:\emulator software\stormlib-master\bin\stormlib_dll\win32\release\der_encode_octet_string.obj
f:\emulator software\stormlib-master\bin\stormlib_dll\win32\release\der_encode_object_identifier.obj
f:\emulator software\stormlib-master\bin\stormlib_dll\win32\release\der_encode_integer.obj
f:\emulator software\stormlib-master\bin\stormlib_dll\win32\release\der_encode_ia5_string.obj
f:\emulator software\stormlib-master\bin\stormlib_dll\win32\release\der_encode_boolean.obj
f:\emulator software\stormlib-master\bin\stormlib_dll\win32\release\der_encode_bit_string.obj
f:\emulator software\stormlib-master\bin\stormlib_dll\win32\release\crypt_prng_is_valid.obj
f:\emulator software\stormlib-master\bin\stormlib_dll\win32\release\crypt_prng_descriptor.obj
f:\emulator software\stormlib-master\bin\stormlib_dll\win32\release\crypt_ltc_mp_descriptor.obj
f:\emulator software\stormlib-master\bin\stormlib_dll\win32\release\crypt_libc.obj
f:\emulator software\stormlib-master\bin\stormlib_dll\win32\release\crypt_hash_is_valid.obj
f:\emulator software\stormlib-master\bin\stormlib_dll\win32\release\crypt_hash_descriptor.obj
f:\emulator software\stormlib-master\bin\stormlib_dll\win32\release\crypt_find_prng.obj
f:\emulator software\stormlib-master\bin\stormlib_dll\win32\release\crypt_find_hash.obj
f:\emulator software\stormlib-master\bin\stormlib_dll\win32\release\crypt_argchk.obj
f:\emulator software\stormlib-master\bin\stormlib_dll\win32\release\base64_decode.obj
f:\emulator software\stormlib-master\bin\stormlib_dll\win32\release\rand_prime.obj
f:\emulator software\stormlib-master\bin\stormlib_dll\win32\release\multi.obj
f:\emulator software\stormlib-master\bin\stormlib_dll\win32\release\ltm_desc.obj
f:\emulator software\stormlib-master\bin\stormlib_dll\win32\release\sha1.obj
f:\emulator software\stormlib-master\bin\stormlib_dll\win32\release\md5.obj
f:\emulator software\stormlib-master\bin\stormlib_dll\win32\release\hash_memory.obj
f:\emulator software\stormlib-master\bin\stormlib_dll\win32\release\randtable.obj
f:\emulator software\stormlib-master\bin\stormlib_dll\win32\release\huffman.obj
f:\emulator software\stormlib-master\bin\stormlib_dll\win32\release\decompress.obj
f:\emulator software\stormlib-master\bin\stormlib_dll\win32\release\crctable.obj
f:\emulator software\stormlib-master\bin\stormlib_dll\win32\release\der_length_ia5_string.obj
f:\emulator software\stormlib-master\bin\stormlib_dll\win32\release\der_length_boolean.obj
f:\emulator software\stormlib-master\bin\stormlib_dll\win32\release\der_length_bit_string.obj
f:\emulator software\stormlib-master\bin\stormlib_dll\win32\release\der_decode_utf8_string.obj
f:\emulator software\stormlib-master\bin\stormlib_dll\win32\release\der_decode_utctime.obj
f:\emulator software\stormlib-master\bin\stormlib_dll\win32\release\der_decode_short_integer.obj
f:\emulator software\stormlib-master\bin\stormlib_dll\win32\release\der_decode_sequence_multi.obj
f:\emulator software\stormlib-master\bin\stormlib_dll\win32\release\der_decode_sequence_flexi.obj
f:\emulator software\stormlib-master\bin\stormlib_dll\win32\release\der_decode_sequence_ex.obj
f:\emulator software\stormlib-master\bin\stormlib_dll\win32\release\der_decode_printable_string.obj
f:\emulator software\stormlib-master\bin\stormlib_dll\win32\release\der_decode_octet_string.obj
f:\emulator software\stormlib-master\bin\stormlib_dll\win32\release\der_decode_object_identifier.obj
f:\emulator software\stormlib-master\bin\stormlib_dll\win32\release\der_decode_integer.obj
f:\emulator software\stormlib-master\bin\stormlib_dll\win32\release\der_decode_ia5_string.obj
f:\emulator software\stormlib-master\bin\stormlib_dll\win32\release\der_decode_choice.obj
f:\emulator software\stormlib-master\bin\stormlib_dll\win32\release\der_decode_boolean.obj
f:\emulator software\stormlib-master\bin\stormlib_dll\win32\release\der_decode_bit_string.obj
f:\emulator software\stormlib-master\bin\stormlib_dll\win32\release\zeromem.obj
f:\emulator software\stormlib-master\bin\stormlib_dll\win32\release\crypt_register_prng.obj
f:\emulator software\stormlib-master\bin\stormlib_dll\win32\release\crypt_register_hash.obj
f:\emulator software\stormlib-master\bin\stormlib_dll\win32\release\rsa_exptmod.obj
f:\emulator software\stormlib-master\bin\stormlib_dll\win32\release\pkcs_1_v1_5_decode.obj
f:\emulator software\stormlib-master\bin\stormlib_dll\win32\release\pkcs_1_pss_decode.obj
f:\emulator software\stormlib-master\bin\stormlib_dll\win32\release\pkcs_1_oaep_decode.obj
f:\emulator software\stormlib-master\bin\stormlib_dll\win32\release\pkcs_1_mgf1.obj
f:\emulator software\stormlib-master\bin\stormlib_dll\win32\release\ltc_ecc_projective_dbl_point.obj
f:\emulator software\stormlib-master\bin\stormlib_dll\win32\release\ltc_ecc_projective_add_point.obj
f:\emulator software\stormlib-master\bin\stormlib_dll\win32\release\ltc_ecc_points.obj
f:\emulator software\stormlib-master\bin\stormlib_dll\win32\release\ltc_ecc_mulmod.obj
f:\emulator software\stormlib-master\bin\stormlib_dll\win32\release\ltc_ecc_mul2add.obj
f:\emulator software\stormlib-master\bin\stormlib_dll\win32\release\ltc_ecc_map.obj
f:\emulator software\stormlib-master\bin\stormlib_dll\win32\release\der_sequence_free.obj
f:\emulator software\stormlib-master\bin\stormlib_dll\win32\release\der_length_utf8_string.obj
f:\emulator software\stormlib-master\bin\stormlib_dll\win32\release\der_length_utctime.obj
f:\emulator software\stormlib-master\bin\stormlib_dll\win32\release\der_length_short_integer.obj
f:\emulator software\stormlib-master\bin\stormlib_dll\win32\release\der_length_sequence.obj
f:\emulator software\stormlib-master\bin\stormlib_dll\win32\release\der_length_printable_string.obj
f:\emulator software\stormlib-master\bin\stormlib_dll\win32\release\der_length_octet_string.obj
f:\emulator software\stormlib-master\bin\stormlib_dll\win32\release\der_length_object_identifier.obj
f:\emulator software\stormlib-master\bin\stormlib_dll\win32\release\der_length_integer.obj
f:\emulator software\stormlib-master\bin\stormlib_dll\win32\release\bn_mp_cmp.obj
f:\emulator software\stormlib-master\bin\stormlib_dll\win32\release\bn_mp_clear_multi.obj
f:\emulator software\stormlib-master\bin\stormlib_dll\win32\release\bn_mp_clear.obj
f:\emulator software\stormlib-master\bin\stormlib_dll\win32\release\bn_mp_clamp.obj
f:\emulator software\stormlib-master\bin\stormlib_dll\win32\release\bn_mp_and.obj
f:\emulator software\stormlib-master\bin\stormlib_dll\win32\release\bn_mp_addmod.obj
f:\emulator software\stormlib-master\bin\stormlib_dll\win32\release\bn_mp_add_d.obj
f:\emulator software\stormlib-master\bin\stormlib_dll\win32\release\bn_mp_add.obj
f:\emulator software\stormlib-master\bin\stormlib_dll\win32\release\bn_mp_abs.obj
f:\emulator software\stormlib-master\bin\stormlib_dll\win32\release\bn_mp_2expt.obj
f:\emulator software\stormlib-master\bin\stormlib_dll\win32\release\bn_fast_s_mp_sqr.obj
f:\emulator software\stormlib-master\bin\stormlib_dll\win32\release\bn_fast_s_mp_mul_high_digs.obj
f:\emulator software\stormlib-master\bin\stormlib_dll\win32\release\bn_fast_s_mp_mul_digs.obj
f:\emulator software\stormlib-master\bin\stormlib_dll\win32\release\bn_fast_mp_montgomery_reduce.obj
f:\emulator software\stormlib-master\bin\stormlib_dll\win32\release\bn_fast_mp_invmod.obj
f:\emulator software\stormlib-master\bin\stormlib_dll\win32\release\rsa_verify_simple.obj
f:\emulator software\stormlib-master\bin\stormlib_dll\win32\release\rsa_verify_hash.obj
f:\emulator software\stormlib-master\bin\stormlib_dll\win32\release\rsa_make_key.obj
f:\emulator software\stormlib-master\bin\stormlib_dll\win32\release\rsa_import.obj
f:\emulator software\stormlib-master\bin\stormlib_dll\win32\release\rsa_free.obj
f:\emulator software\stormlib-master\bin\stormlib_dll\win32\release\bn_mp_fwrite.obj
f:\emulator software\stormlib-master\bin\stormlib_dll\win32\release\bn_mp_fread.obj
f:\emulator software\stormlib-master\bin\stormlib_dll\win32\release\bn_mp_exteuclid.obj
f:\emulator software\stormlib-master\bin\stormlib_dll\win32\release\bn_mp_exptmod_fast.obj
f:\emulator software\stormlib-master\bin\stormlib_dll\win32\release\bn_mp_exptmod.obj
f:\emulator software\stormlib-master\bin\stormlib_dll\win32\release\bn_mp_expt_d.obj
f:\emulator software\stormlib-master\bin\stormlib_dll\win32\release\bn_mp_exch.obj
f:\emulator software\stormlib-master\bin\stormlib_dll\win32\release\bn_mp_dr_setup.obj
f:\emulator software\stormlib-master\bin\stormlib_dll\win32\release\bn_mp_dr_reduce.obj
f:\emulator software\stormlib-master\bin\stormlib_dll\win32\release\bn_mp_dr_is_modulus.obj
f:\emulator software\stormlib-master\bin\stormlib_dll\win32\release\bn_mp_div_d.obj
f:\emulator software\stormlib-master\bin\stormlib_dll\win32\release\bn_mp_div_3.obj
f:\emulator software\stormlib-master\bin\stormlib_dll\win32\release\bn_mp_div_2d.obj
f:\emulator software\stormlib-master\bin\stormlib_dll\win32\release\bn_mp_div_2.obj
f:\emulator software\stormlib-master\bin\stormlib_dll\win32\release\bn_mp_div.obj
f:\emulator software\stormlib-master\bin\stormlib_dll\win32\release\bn_mp_count_bits.obj
f:\emulator software\stormlib-master\bin\stormlib_dll\win32\release\bn_mp_copy.obj
f:\emulator software\stormlib-master\bin\stormlib_dll\win32\release\bn_mp_cnt_lsb.obj
f:\emulator software\stormlib-master\bin\stormlib_dll\win32\release\bn_mp_cmp_mag.obj
f:\emulator software\stormlib-master\bin\stormlib_dll\win32\release\bn_mp_cmp_d.obj
f:\emulator software\stormlib-master\bin\stormlib_dll\win32\release\bn_mp_mod_d.obj
f:\emulator software\stormlib-master\bin\stormlib_dll\win32\release\bn_mp_mod_2d.obj
f:\emulator software\stormlib-master\bin\stormlib_dll\win32\release\bn_mp_mod.obj
f:\emulator software\stormlib-master\bin\stormlib_dll\win32\release\bn_mp_lshd.obj
f:\emulator software\stormlib-master\bin\stormlib_dll\win32\release\bn_mp_lcm.obj
f:\emulator software\stormlib-master\bin\stormlib_dll\win32\release\bn_mp_karatsuba_sqr.obj
f:\emulator software\stormlib-master\bin\stormlib_dll\win32\release\bn_mp_karatsuba_mul.obj
f:\emulator software\stormlib-master\bin\stormlib_dll\win32\release\bn_mp_jacobi.obj
f:\emulator software\stormlib-master\bin\stormlib_dll\win32\release\bn_mp_is_square.obj
f:\emulator software\stormlib-master\bin\stormlib_dll\win32\release\bn_mp_invmod_slow.obj
f:\emulator software\stormlib-master\bin\stormlib_dll\win32\release\bn_mp_invmod.obj
f:\emulator software\stormlib-master\bin\stormlib_dll\win32\release\bn_mp_init_size.obj
f:\emulator software\stormlib-master\bin\stormlib_dll\win32\release\bn_mp_init_set_int.obj
f:\emulator software\stormlib-master\bin\stormlib_dll\win32\release\bn_mp_init_set.obj
f:\emulator software\stormlib-master\bin\stormlib_dll\win32\release\bn_mp_init_multi.obj
f:\emulator software\stormlib-master\bin\stormlib_dll\win32\release\bn_mp_init_copy.obj
f:\emulator software\stormlib-master\bin\stormlib_dll\win32\release\bn_mp_init.obj
f:\emulator software\stormlib-master\bin\stormlib_dll\win32\release\bn_mp_grow.obj
f:\emulator software\stormlib-master\bin\stormlib_dll\win32\release\bn_mp_get_int.obj
f:\emulator software\stormlib-master\bin\stormlib_dll\win32\release\bn_mp_gcd.obj
f:\emulator software\stormlib-master\bin\stormlib_dll\win32\release\bn_mp_radix_smap.obj
f:\emulator software\stormlib-master\bin\stormlib_dll\win32\release\bn_mp_radix_size.obj
f:\emulator software\stormlib-master\bin\stormlib_dll\win32\release\bn_mp_prime_random_ex.obj
f:\emulator software\stormlib-master\bin\stormlib_dll\win32\release\bn_mp_prime_rabin_miller_trials.obj
f:\emulator software\stormlib-master\bin\stormlib_dll\win32\release\bn_mp_prime_next_prime.obj
f:\emulator software\stormlib-master\bin\stormlib_dll\win32\release\bn_mp_prime_miller_rabin.obj
f:\emulator software\stormlib-master\bin\stormlib_dll\win32\release\bn_mp_prime_is_prime.obj
f:\emulator software\stormlib-master\bin\stormlib_dll\win32\release\bn_mp_prime_is_divisible.obj
f:\emulator software\stormlib-master\bin\stormlib_dll\win32\release\bn_mp_prime_fermat.obj
f:\emulator software\stormlib-master\bin\stormlib_dll\win32\release\bn_mp_or.obj
f:\emulator software\stormlib-master\bin\stormlib_dll\win32\release\bn_mp_neg.obj
f:\emulator software\stormlib-master\bin\stormlib_dll\win32\release\bn_mp_n_root.obj
f:\emulator software\stormlib-master\bin\stormlib_dll\win32\release\bn_mp_mulmod.obj
f:\emulator software\stormlib-master\bin\stormlib_dll\win32\release\bn_mp_mul_d.obj
f:\emulator software\stormlib-master\bin\stormlib_dll\win32\release\bn_mp_mul_2d.obj
f:\emulator software\stormlib-master\bin\stormlib_dll\win32\release\bn_mp_mul_2.obj
f:\emulator software\stormlib-master\bin\stormlib_dll\win32\release\bn_mp_mul.obj
f:\emulator software\stormlib-master\bin\stormlib_dll\win32\release\bn_mp_montgomery_setup.obj
f:\emulator software\stormlib-master\bin\stormlib_dll\win32\release\bn_mp_montgomery_reduce.obj
f:\emulator software\stormlib-master\bin\stormlib_dll\win32\release\bn_mp_montgomery_calc_normalization.obj
f:\emulator software\stormlib-master\bin\stormlib_dll\win32\release\bn_mp_sqrt.obj
f:\emulator software\stormlib-master\bin\stormlib_dll\win32\release\bn_mp_sqrmod.obj
f:\emulator software\stormlib-master\bin\stormlib_dll\win32\release\bn_mp_sqr.obj
f:\emulator software\stormlib-master\bin\stormlib_dll\win32\release\bn_mp_signed_bin_size.obj
f:\emulator software\stormlib-master\bin\stormlib_dll\win32\release\bn_mp_shrink.obj
f:\emulator software\stormlib-master\bin\stormlib_dll\win32\release\bn_mp_set_int.obj
f:\emulator software\stormlib-master\bin\stormlib_dll\win32\release\bn_mp_set.obj
f:\emulator software\stormlib-master\bin\stormlib_dll\win32\release\bn_mp_rshd.obj
f:\emulator software\stormlib-master\bin\stormlib_dll\win32\release\bn_mp_reduce_setup.obj
f:\emulator software\stormlib-master\bin\stormlib_dll\win32\release\bn_mp_reduce_is_2k_l.obj
f:\emulator software\stormlib-master\bin\stormlib_dll\win32\release\bn_mp_reduce_is_2k.obj
f:\emulator software\stormlib-master\bin\stormlib_dll\win32\release\bn_mp_reduce_2k_setup_l.obj
f:\emulator software\stormlib-master\bin\stormlib_dll\win32\release\bn_mp_reduce_2k_setup.obj
f:\emulator software\stormlib-master\bin\stormlib_dll\win32\release\bn_mp_reduce_2k_l.obj
f:\emulator software\stormlib-master\bin\stormlib_dll\win32\release\bn_mp_reduce_2k.obj
f:\emulator software\stormlib-master\bin\stormlib_dll\win32\release\bn_mp_reduce.obj
f:\emulator software\stormlib-master\bin\stormlib_dll\win32\release\bn_mp_read_unsigned_bin.obj
f:\emulator software\stormlib-master\bin\stormlib_dll\win32\release\bn_mp_read_signed_bin.obj
f:\emulator software\stormlib-master\bin\stormlib_dll\win32\release\bn_mp_read_radix.obj
f:\emulator software\stormlib-master\bin\stormlib_dll\win32\release\bn_mp_rand.obj
f:\emulator software\stormlib-master\bin\stormlib_dll\win32\release\bn_s_mp_mul_high_digs.obj
f:\emulator software\stormlib-master\bin\stormlib_dll\win32\release\bn_s_mp_mul_digs.obj
f:\emulator software\stormlib-master\bin\stormlib_dll\win32\release\bn_s_mp_exptmod.obj
f:\emulator software\stormlib-master\bin\stormlib_dll\win32\release\bn_s_mp_add.obj
f:\emulator software\stormlib-master\bin\stormlib_dll\win32\release\bn_reverse.obj
f:\emulator software\stormlib-master\bin\stormlib_dll\win32\release\bn_prime_tab.obj
f:\emulator software\stormlib-master\bin\stormlib_dll\win32\release\bn_mp_zero.obj
f:\emulator software\stormlib-master\bin\stormlib_dll\win32\release\bn_mp_xor.obj
f:\emulator software\stormlib-master\bin\stormlib_dll\win32\release\bn_mp_unsigned_bin_size.obj
f:\emulator software\stormlib-master\bin\stormlib_dll\win32\release\bn_mp_toradix_n.obj
f:\emulator software\stormlib-master\bin\stormlib_dll\win32\release\bn_mp_toradix.obj
f:\emulator software\stormlib-master\bin\stormlib_dll\win32\release\bn_mp_toom_sqr.obj
f:\emulator software\stormlib-master\bin\stormlib_dll\win32\release\bn_mp_toom_mul.obj
f:\emulator software\stormlib-master\bin\stormlib_dll\win32\release\bn_mp_to_unsigned_bin_n.obj
f:\emulator software\stormlib-master\bin\stormlib_dll\win32\release\bn_mp_to_unsigned_bin.obj
f:\emulator software\stormlib-master\bin\stormlib_dll\win32\release\bn_mp_to_signed_bin_n.obj
f:\emulator software\stormlib-master\bin\stormlib_dll\win32\release\bn_mp_to_signed_bin.obj
f:\emulator software\stormlib-master\bin\stormlib_dll\win32\release\bn_mp_submod.obj
f:\emulator software\stormlib-master\bin\stormlib_dll\win32\release\bn_mp_sub_d.obj
f:\emulator software\stormlib-master\bin\stormlib_dll\win32\release\bn_mp_sub.obj
f:\emulator software\stormlib-master\bin\stormlib_dll\win32\release\lookup3.obj
f:\emulator software\stormlib-master\bin\stormlib_dll\win32\release\zutil.obj
f:\emulator software\stormlib-master\bin\stormlib_dll\win32\release\trees.obj
f:\emulator software\stormlib-master\bin\stormlib_dll\win32\release\inftrees.obj
f:\emulator software\stormlib-master\bin\stormlib_dll\win32\release\inflate.obj
f:\emulator software\stormlib-master\bin\stormlib_dll\win32\release\inffast.obj
f:\emulator software\stormlib-master\bin\stormlib_dll\win32\release\deflate.obj
f:\emulator software\stormlib-master\bin\stormlib_dll\win32\release\crc32.obj
f:\emulator software\stormlib-master\bin\stormlib_dll\win32\release\compress_zlib.obj
f:\emulator software\stormlib-master\bin\stormlib_dll\win32\release\adler32.obj
f:\emulator software\stormlib-master\bin\stormlib_dll\win32\release\implode.obj
f:\emulator software\stormlib-master\bin\stormlib_dll\win32\release\explode.obj
f:\emulator software\stormlib-master\bin\stormlib_dll\win32\release\threads.obj
f:\emulator software\stormlib-master\bin\stormlib_dll\win32\release\lzmaenc.obj
f:\emulator software\stormlib-master\bin\stormlib_dll\win32\release\lzmadec.obj
f:\emulator software\stormlib-master\bin\stormlib_dll\win32\release\lzfindmt.obj
f:\emulator software\stormlib-master\bin\stormlib_dll\win32\release\lzfind.obj
f:\emulator software\stormlib-master\bin\stormlib_dll\win32\release\bncore.obj
f:\emulator software\stormlib-master\bin\stormlib_dll\win32\release\bn_s_mp_sub.obj
f:\emulator software\stormlib-master\bin\stormlib_dll\win32\release\bn_s_mp_sqr.obj
f:\emulator software\stormlib-master\bin\stormlib_dll\win32\release\vc100.pdb
f:\emulator software\stormlib-master\bin\stormlib_dll\win32\release\sparse.obj
f:\emulator software\stormlib-master\bin\stormlib_dll\win32\release\huff.obj
f:\emulator software\stormlib-master\bin\stormlib_dll\win32\release\adpcm.obj
f:\emulator software\stormlib-master\bin\stormlib_dll\win32\release\sfilepatcharchives.obj
f:\emulator software\stormlib-master\bin\stormlib_dll\win32\release\sbasesubtypes.obj
f:\emulator software\stormlib-master\bin\stormlib_dll\win32\release\dllmain.obj
f:\emulator software\stormlib-master\bin\stormlib_dll\win32\release\sfileverify.obj
f:\emulator software\stormlib-master\bin\stormlib_dll\win32\release\sfilereadfile.obj
f:\emulator software\stormlib-master\bin\stormlib_dll\win32\release\sfileopenfileex.obj
f:\emulator software\stormlib-master\bin\stormlib_dll\win32\release\sfileopenarchive.obj
f:\emulator software\stormlib-master\bin\stormlib_dll\win32\release\sfilelistfile.obj
f:\emulator software\stormlib-master\bin\stormlib_dll\win32\release\sfilegetfileinfo.obj
f:\emulator software\stormlib-master\bin\stormlib_dll\win32\release\sfilefindfile.obj
f:\emulator software\stormlib-master\bin\stormlib_dll\win32\release\sfileextractfile.obj
f:\emulator software\stormlib-master\bin\stormlib_dll\win32\release\sfilecreatearchive.obj
f:\emulator software\stormlib-master\bin\stormlib_dll\win32\release\sfilecompactarchive.obj
f:\emulator software\stormlib-master\bin\stormlib_dll\win32\release\sfileattributes.obj
f:\emulator software\stormlib-master\bin\stormlib_dll\win32\release\sfileaddfile.obj
f:\emulator software\stormlib-master\bin\stormlib_dll\win32\release\scompression.obj
f:\emulator software\stormlib-master\bin\stormlib_dll\win32\release\sbasefiletable.obj
f:\emulator software\stormlib-master\bin\stormlib_dll\win32\release\sbasecommon.obj
f:\emulator software\stormlib-master\bin\stormlib_dll\win32\release\filestream.obj
f:\emulator software\stormlib-master\bin\stormlib_dll\win32\release\stormlib.dll
f:\emulator software\stormlib-master\bin\stormlib_dll\win32\release\stormlib.dll.intermediate.manifest
f:\emulator software\stormlib-master\bin\stormlib_dll\win32\release\stormlib.pdb
f:\emulator software\stormlib-master\bin\stormlib_dll\win32\release\stormlib.lib
f:\emulator software\stormlib-master\bin\stormlib_dll\win32\release\stormlib.exp
c:\program files (x86)\stormlib\bin\stormlib_dll\win32\release\vc120.pdb
c:\program files (x86)\stormlib\bin\stormlib_dll\win32\release\compress.obj
c:\program files (x86)\stormlib\bin\stormlib_dll\win32\release\bzlib.obj
c:\program files (x86)\stormlib\bin\stormlib_dll\win32\release\blocksort.obj
c:\program files (x86)\stormlib\bin\stormlib_dll\win32\release\rsa_sign_hash.obj
c:\program files (x86)\stormlib\bin\stormlib_dll\win32\release\pkcs_1_v1_5_encode.obj
c:\program files (x86)\stormlib\bin\stormlib_dll\win32\release\pkcs_1_pss_encode.obj
c:\program files (x86)\stormlib\bin\stormlib_dll\win32\release\der_encode_utf8_string.obj
c:\program files (x86)\stormlib\bin\stormlib_dll\win32\release\der_encode_utctime.obj
c:\program files (x86)\stormlib\bin\stormlib_dll\win32\release\der_encode_short_integer.obj
c:\program files (x86)\stormlib\bin\stormlib_dll\win32\release\der_encode_setof.obj
c:\program files (x86)\stormlib\bin\stormlib_dll\win32\release\der_encode_set.obj
c:\program files (x86)\stormlib\bin\stormlib_dll\win32\release\der_encode_sequence_multi.obj
c:\program files (x86)\stormlib\bin\stormlib_dll\win32\release\der_encode_sequence_ex.obj
c:\program files (x86)\stormlib\bin\stormlib_dll\win32\release\der_encode_printable_string.obj
c:\program files (x86)\stormlib\bin\stormlib_dll\win32\release\der_encode_octet_string.obj
c:\program files (x86)\stormlib\bin\stormlib_dll\win32\release\der_encode_object_identifier.obj
c:\program files (x86)\stormlib\bin\stormlib_dll\win32\release\der_encode_integer.obj
c:\program files (x86)\stormlib\bin\stormlib_dll\win32\release\der_encode_ia5_string.obj
c:\program files (x86)\stormlib\bin\stormlib_dll\win32\release\der_encode_boolean.obj
c:\program files (x86)\stormlib\bin\stormlib_dll\win32\release\der_encode_bit_string.obj
c:\program files (x86)\stormlib\bin\stormlib_dll\win32\release\crypt_prng_is_valid.obj
c:\program files (x86)\stormlib\bin\stormlib_dll\win32\release\crypt_prng_descriptor.obj
c:\program files (x86)\stormlib\bin\stormlib_dll\win32\release\crypt_ltc_mp_descriptor.obj
c:\program files (x86)\stormlib\bin\stormlib_dll\win32\release\crypt_libc.obj
c:\program files (x86)\stormlib\bin\stormlib_dll\win32\release\crypt_hash_is_valid.obj
c:\program files (x86)\stormlib\bin\stormlib_dll\win32\release\crypt_hash_descriptor.obj
c:\program files (x86)\stormlib\bin\stormlib_dll\win32\release\crypt_find_prng.obj
c:\program files (x86)\stormlib\bin\stormlib_dll\win32\release\crypt_find_hash.obj
c:\program files (x86)\stormlib\bin\stormlib_dll\win32\release\crypt_argchk.obj
c:\program files (x86)\stormlib\bin\stormlib_dll\win32\release\base64_decode.obj
c:\program files (x86)\stormlib\bin\stormlib_dll\win32\release\rand_prime.obj
c:\program files (x86)\stormlib\bin\stormlib_dll\win32\release\multi.obj
c:\program files (x86)\stormlib\bin\stormlib_dll\win32\release\ltm_desc.obj
c:\program files (x86)\stormlib\bin\stormlib_dll\win32\release\sha1.obj
c:\program files (x86)\stormlib\bin\stormlib_dll\win32\release\md5.obj
c:\program files (x86)\stormlib\bin\stormlib_dll\win32\release\hash_memory.obj
c:\program files (x86)\stormlib\bin\stormlib_dll\win32\release\randtable.obj
c:\program files (x86)\stormlib\bin\stormlib_dll\win32\release\huffman.obj
c:\program files (x86)\stormlib\bin\stormlib_dll\win32\release\decompress.obj
c:\program files (x86)\stormlib\bin\stormlib_dll\win32\release\crctable.obj
c:\program files (x86)\stormlib\bin\stormlib_dll\win32\release\der_length_ia5_string.obj
c:\program files (x86)\stormlib\bin\stormlib_dll\win32\release\der_length_boolean.obj
c:\program files (x86)\stormlib\bin\stormlib_dll\win32\release\der_length_bit_string.obj
c:\program files (x86)\stormlib\bin\stormlib_dll\win32\release\der_decode_utf8_string.obj
c:\program files (x86)\stormlib\bin\stormlib_dll\win32\release\der_decode_utctime.obj
c:\program files (x86)\stormlib\bin\stormlib_dll\win32\release\der_decode_short_integer.obj
c:\program files (x86)\stormlib\bin\stormlib_dll\win32\release\der_decode_sequence_multi.obj
c:\program files (x86)\stormlib\bin\stormlib_dll\win32\release\der_decode_sequence_flexi.obj
c:\program files (x86)\stormlib\bin\stormlib_dll\win32\release\der_decode_sequence_ex.obj
c:\program files (x86)\stormlib\bin\stormlib_dll\win32\release\der_decode_printable_string.obj
c:\program files (x86)\stormlib\bin\stormlib_dll\win32\release\der_decode_octet_string.obj
c:\program files (x86)\stormlib\bin\stormlib_dll\win32\release\der_decode_object_identifier.obj
c:\program files (x86)\stormlib\bin\stormlib_dll\win32\release\der_decode_integer.obj
c:\program files (x86)\stormlib\bin\stormlib_dll\win32\release\der_decode_ia5_string.obj
c:\program files (x86)\stormlib\bin\stormlib_dll\win32\release\der_decode_choice.obj
c:\program files (x86)\stormlib\bin\stormlib_dll\win32\release\der_decode_boolean.obj
c:\program files (x86)\stormlib\bin\stormlib_dll\win32\release\der_decode_bit_string.obj
c:\program files (x86)\stormlib\bin\stormlib_dll\win32\release\zeromem.obj
c:\program files (x86)\stormlib\bin\stormlib_dll\win32\release\crypt_register_prng.obj
c:\program files (x86)\stormlib\bin\stormlib_dll\win32\release\crypt_register_hash.obj
c:\program files (x86)\stormlib\bin\stormlib_dll\win32\release\rsa_exptmod.obj
c:\program files (x86)\stormlib\bin\stormlib_dll\win32\release\pkcs_1_v1_5_decode.obj
c:\program files (x86)\stormlib\bin\stormlib_dll\win32\release\pkcs_1_pss_decode.obj
c:\program files (x86)\stormlib\bin\stormlib_dll\win32\release\pkcs_1_oaep_decode.obj
c:\program files (x86)\stormlib\bin\stormlib_dll\win32\release\pkcs_1_mgf1.obj
c:\program files (x86)\stormlib\bin\stormlib_dll\win32\release\ltc_ecc_projective_dbl_point.obj
c:\program files (x86)\stormlib\bin\stormlib_dll\win32\release\ltc_ecc_projective_add_point.obj
c:\program files (x86)\stormlib\bin\stormlib_dll\win32\release\ltc_ecc_points.obj
c:\program files (x86)\stormlib\bin\stormlib_dll\win32\release\ltc_ecc_mulmod.obj
c:\program files (x86)\stormlib\bin\stormlib_dll\win32\release\ltc_ecc_mul2add.obj
c:\program files (x86)\stormlib\bin\stormlib_dll\win32\release\ltc_ecc_map.obj
c:\program files (x86)\stormlib\bin\stormlib_dll\win32\release\der_sequence_free.obj
c:\program files (x86)\stormlib\bin\stormlib_dll\win32\release\der_length_utf8_string.obj
c:\program files (x86)\stormlib\bin\stormlib_dll\win32\release\der_length_utctime.obj
c:\program files (x86)\stormlib\bin\stormlib_dll\win32\release\der_length_short_integer.obj
c:\program files (x86)\stormlib\bin\stormlib_dll\win32\release\der_length_sequence.obj
c:\program files (x86)\stormlib\bin\stormlib_dll\win32\release\der_length_printable_string.obj
c:\program files (x86)\stormlib\bin\stormlib_dll\win32\release\der_length_octet_string.obj
c:\program files (x86)\stormlib\bin\stormlib_dll\win32\release\der_length_object_identifier.obj
c:\program files (x86)\stormlib\bin\stormlib_dll\win32\release\der_length_integer.obj
c:\program files (x86)\stormlib\bin\stormlib_dll\win32\release\bn_mp_cmp.obj
c:\program files (x86)\stormlib\bin\stormlib_dll\win32\release\bn_mp_clear_multi.obj
c:\program files (x86)\stormlib\bin\stormlib_dll\win32\release\bn_mp_clear.obj
c:\program files (x86)\stormlib\bin\stormlib_dll\win32\release\bn_mp_clamp.obj
c:\program files (x86)\stormlib\bin\stormlib_dll\win32\release\bn_mp_and.obj
c:\program files (x86)\stormlib\bin\stormlib_dll\win32\release\bn_mp_addmod.obj
c:\program files (x86)\stormlib\bin\stormlib_dll\win32\release\bn_mp_add_d.obj
c:\program files (x86)\stormlib\bin\stormlib_dll\win32\release\bn_mp_add.obj
c:\program files (x86)\stormlib\bin\stormlib_dll\win32\release\bn_mp_abs.obj
c:\program files (x86)\stormlib\bin\stormlib_dll\win32\release\bn_mp_2expt.obj
c:\program files (x86)\stormlib\bin\stormlib_dll\win32\release\bn_fast_s_mp_sqr.obj
c:\program files (x86)\stormlib\bin\stormlib_dll\win32\release\bn_fast_s_mp_mul_high_digs.obj
c:\program files (x86)\stormlib\bin\stormlib_dll\win32\release\bn_fast_s_mp_mul_digs.obj
c:\program files (x86)\stormlib\bin\stormlib_dll\win32\release\bn_fast_mp_montgomery_reduce.obj
c:\program files (x86)\stormlib\bin\stormlib_dll\win32\release\bn_fast_mp_invmod.obj
c:\program files (x86)\stormlib\bin\stormlib_dll\win32\release\rsa_verify_simple.obj
c:\program files (x86)\stormlib\bin\stormlib_dll\win32\release\rsa_verify_hash.obj
c:\program files (x86)\stormlib\bin\stormlib_dll\win32\release\rsa_make_key.obj
c:\program files (x86)\stormlib\bin\stormlib_dll\win32\release\rsa_import.obj
c:\program files (x86)\stormlib\bin\stormlib_dll\win32\release\rsa_free.obj
c:\program files (x86)\stormlib\bin\stormlib_dll\win32\release\bn_mp_fwrite.obj
c:\program files (x86)\stormlib\bin\stormlib_dll\win32\release\bn_mp_fread.obj
c:\program files (x86)\stormlib\bin\stormlib_dll\win32\release\bn_mp_exteuclid.obj
c:\program files (x86)\stormlib\bin\stormlib_dll\win32\release\bn_mp_exptmod_fast.obj
c:\program files (x86)\stormlib\bin\stormlib_dll\win32\release\bn_mp_exptmod.obj
c:\program files (x86)\stormlib\bin\stormlib_dll\win32\release\bn_mp_expt_d.obj
c:\program files (x86)\stormlib\bin\stormlib_dll\win32\release\bn_mp_exch.obj
c:\program files (x86)\stormlib\bin\stormlib_dll\win32\release\bn_mp_dr_setup.obj
c:\program files (x86)\stormlib\bin\stormlib_dll\win32\release\bn_mp_dr_reduce.obj
c:\program files (x86)\stormlib\bin\stormlib_dll\win32\release\bn_mp_dr_is_modulus.obj
c:\program files (x86)\stormlib\bin\stormlib_dll\win32\release\bn_mp_div_d.obj
c:\program files (x86)\stormlib\bin\stormlib_dll\win32\release\bn_mp_div_3.obj
c:\program files (x86)\stormlib\bin\stormlib_dll\win32\release\bn_mp_div_2d.obj
c:\program files (x86)\stormlib\bin\stormlib_dll\win32\release\bn_mp_div_2.obj
c:\program files (x86)\stormlib\bin\stormlib_dll\win32\release\bn_mp_div.obj
c:\program files (x86)\stormlib\bin\stormlib_dll\win32\release\bn_mp_count_bits.obj
c:\program files (x86)\stormlib\bin\stormlib_dll\win32\release\bn_mp_copy.obj
c:\program files (x86)\stormlib\bin\stormlib_dll\win32\release\bn_mp_cnt_lsb.obj
c:\program files (x86)\stormlib\bin\stormlib_dll\win32\release\bn_mp_cmp_mag.obj
c:\program files (x86)\stormlib\bin\stormlib_dll\win32\release\bn_mp_cmp_d.obj
c:\program files (x86)\stormlib\bin\stormlib_dll\win32\release\bn_mp_mod_d.obj
c:\program files (x86)\stormlib\bin\stormlib_dll\win32\release\bn_mp_mod_2d.obj
c:\program files (x86)\stormlib\bin\stormlib_dll\win32\release\bn_mp_mod.obj
c:\program files (x86)\stormlib\bin\stormlib_dll\win32\release\bn_mp_lshd.obj
c:\program files (x86)\stormlib\bin\stormlib_dll\win32\release\bn_mp_lcm.obj
c:\program files (x86)\stormlib\bin\stormlib_dll\win32\release\bn_mp_karatsuba_sqr.obj
c:\program files (x86)\stormlib\bin\stormlib_dll\win32\release\bn_mp_karatsuba_mul.obj
c:\program files (x86)\stormlib\bin\stormlib_dll\win32\release\bn_mp_jacobi.obj
c:\program files (x86)\stormlib\bin\stormlib_dll\win32\release\bn_mp_is_square.obj
c:\program files (x86)\stormlib\bin\stormlib_dll\win32\release\bn_mp_invmod_slow.obj
c:\program files (x86)\stormlib\bin\stormlib_dll\win32\release\bn_mp_invmod.obj
c:\program files (x86)\stormlib\bin\stormlib_dll\win32\release\bn_mp_init_size.obj
c:\program files (x86)\stormlib\bin\stormlib_dll\win32\release\bn_mp_init_set_int.obj
c:\program files (x86)\stormlib\bin\stormlib_dll\win32\release\bn_mp_init_set.obj
c:\program files (x86)\stormlib\bin\stormlib_dll\win32\release\bn_mp_init_multi.obj
c:\program files (x86)\stormlib\bin\stormlib_dll\win32\release\bn_mp_init_copy.obj
c:\program files (x86)\stormlib\bin\stormlib_dll\win32\release\bn_mp_init.obj
c:\program files (x86)\stormlib\bin\stormlib_dll\win32\release\bn_mp_grow.obj
c:\program files (x86)\stormlib\bin\stormlib_dll\win32\release\bn_mp_get_int.obj
c:\program files (x86)\stormlib\bin\stormlib_dll\win32\release\bn_mp_gcd.obj
c:\program files (x86)\stormlib\bin\stormlib_dll\win32\release\bn_mp_radix_smap.obj
c:\program files (x86)\stormlib\bin\stormlib_dll\win32\release\bn_mp_radix_size.obj
c:\program files (x86)\stormlib\bin\stormlib_dll\win32\release\bn_mp_prime_random_ex.obj
c:\program files (x86)\stormlib\bin\stormlib_dll\win32\release\bn_mp_prime_rabin_miller_trials.obj
c:\program files (x86)\stormlib\bin\stormlib_dll\win32\release\bn_mp_prime_next_prime.obj
c:\program files (x86)\stormlib\bin\stormlib_dll\win32\release\bn_mp_prime_miller_rabin.obj
c:\program files (x86)\stormlib\bin\stormlib_dll\win32\release\bn_mp_prime_is_prime.obj
c:\program files (x86)\stormlib\bin\stormlib_dll\win32\release\bn_mp_prime_is_divisible.obj
c:\program files (x86)\stormlib\bin\stormlib_dll\win32\release\bn_mp_prime_fermat.obj
c:\program files (x86)\stormlib\bin\stormlib_dll\win32\release\bn_mp_or.obj
c:\program files (x86)\stormlib\bin\stormlib_dll\win32\release\bn_mp_neg.obj
c:\program files (x86)\stormlib\bin\stormlib_dll\win32\release\bn_mp_n_root.obj
c:\program files (x86)\stormlib\bin\stormlib_dll\win32\release\bn_mp_mulmod.obj
c:\program files (x86)\stormlib\bin\stormlib_dll\win32\release\bn_mp_mul_d.obj
c:\program files (x86)\stormlib\bin\stormlib_dll\win32\release\bn_mp_mul_2d.obj
c:\program files (x86)\stormlib\bin\stormlib_dll\win32\release\bn_mp_mul_2.obj
c:\program files (x86)\stormlib\bin\stormlib_dll\win32\release\bn_mp_mul.obj
c:\program files (x86)\stormlib\bin\stormlib_dll\win32\release\bn_mp_montgomery_setup.obj
c:\program files (x86)\stormlib\bin\stormlib_dll\win32\release\bn_mp_montgomery_reduce.obj
c:\program files (x86)\stormlib\bin\stormlib_dll\win32\release\bn_mp_montgomery_calc_normalization.obj
c:\program files (x86)\stormlib\bin\stormlib_dll\win32\release\bn_mp_sqrt.obj
c:\program files (x86)\stormlib\bin\stormlib_dll\win32\release\bn_mp_sqrmod.obj
c:\program files (x86)\stormlib\bin\stormlib_dll\win32\release\bn_mp_sqr.obj
c:\program files (x86)\stormlib\bin\stormlib_dll\win32\release\bn_mp_signed_bin_size.obj
c:\program files (x86)\stormlib\bin\stormlib_dll\win32\release\bn_mp_shrink.obj
c:\program files (x86)\stormlib\bin\stormlib_dll\win32\release\bn_mp_set_int.obj
c:\program files (x86)\stormlib\bin\stormlib_dll\win32\release\bn_mp_set.obj
c:\program files (x86)\stormlib\bin\stormlib_dll\win32\release\bn_mp_rshd.obj
c:\program files (x86)\stormlib\bin\stormlib_dll\win32\release\bn_mp_reduce_setup.obj
c:\program files (x86)\stormlib\bin\stormlib_dll\win32\release\bn_mp_reduce_is_2k_l.obj
c:\program files (x86)\stormlib\bin\stormlib_dll\win32\release\bn_mp_reduce_is_2k.obj
c:\program files (x86)\stormlib\bin\stormlib_dll\win32\release\bn_mp_reduce_2k_setup_l.obj
c:\program files (x86)\stormlib\bin\stormlib_dll\win32\release\bn_mp_reduce_2k_setup.obj
c:\program files (x86)\stormlib\bin\stormlib_dll\win32\release\bn_mp_reduce_2k_l.obj
c:\program files (x86)\stormlib\bin\stormlib_dll\win32\release\bn_mp_reduce_2k.obj
c:\program files (x86)\stormlib\bin\stormlib_dll\win32\release\bn_mp_reduce.obj
c:\program files (x86)\stormlib\bin\stormlib_dll\win32\release\bn_mp_read_unsigned_bin.obj
c:\program files (x86)\stormlib\bin\stormlib_dll\win32\release\bn_mp_read_signed_bin.obj
c:\program files (x86)\stormlib\bin\stormlib_dll\win32\release\bn_mp_read_radix.obj
c:\program files (x86)\stormlib\bin\stormlib_dll\win32\release\bn_mp_rand.obj
c:\program files (x86)\stormlib\bin\stormlib_dll\win32\release\bn_s_mp_mul_high_digs.obj
c:\program files (x86)\stormlib\bin\stormlib_dll\win32\release\bn_s_mp_mul_digs.obj
c:\program files (x86)\stormlib\bin\stormlib_dll\win32\release\bn_s_mp_exptmod.obj
c:\program files (x86)\stormlib\bin\stormlib_dll\win32\release\bn_s_mp_add.obj
c:\program files (x86)\stormlib\bin\stormlib_dll\win32\release\bn_reverse.obj
c:\program files (x86)\stormlib\bin\stormlib_dll\win32\release\bn_prime_tab.obj
c:\program files (x86)\stormlib\bin\stormlib_dll\win32\release\bn_mp_zero.obj
c:\program files (x86)\stormlib\bin\stormlib_dll\win32\release\bn_mp_xor.obj
c:\program files (x86)\stormlib\bin\stormlib_dll\win32\release\bn_mp_unsigned_bin_size.obj
c:\program files (x86)\stormlib\bin\stormlib_dll\win32\release\bn_mp_toradix_n.obj
c:\program files (x86)\stormlib\bin\stormlib_dll\win32\release\bn_mp_toradix.obj
c:\program files (x86)\stormlib\bin\stormlib_dll\win32\release\bn_mp_toom_sqr.obj
c:\program files (x86)\stormlib\bin\stormlib_dll\win32\release\bn_mp_toom_mul.obj
c:\program files (x86)\stormlib\bin\stormlib_dll\win32\release\bn_mp_to_unsigned_bin_n.obj
c:\program files (x86)\stormlib\bin\stormlib_dll\win32\release\bn_mp_to_unsigned_bin.obj
c:\program files (x86)\stormlib\bin\stormlib_dll\win32\release\bn_mp_to_signed_bin_n.obj
c:\program files (x86)\stormlib\bin\stormlib_dll\win32\release\bn_mp_to_signed_bin.obj
c:\program files (x86)\stormlib\bin\stormlib_dll\win32\release\bn_mp_submod.obj
c:\program files (x86)\stormlib\bin\stormlib_dll\win32\release\bn_mp_sub_d.obj
c:\program files (x86)\stormlib\bin\stormlib_dll\win32\release\bn_mp_sub.obj
c:\program files (x86)\stormlib\bin\stormlib_dll\win32\release\lookup3.obj
c:\program files (x86)\stormlib\bin\stormlib_dll\win32\release\zutil.obj
c:\program files (x86)\stormlib\bin\stormlib_dll\win32\release\trees.obj
c:\program files (x86)\stormlib\bin\stormlib_dll\win32\release\inftrees.obj
c:\program files (x86)\stormlib\bin\stormlib_dll\win32\release\inflate.obj
c:\program files (x86)\stormlib\bin\stormlib_dll\win32\release\inffast.obj
c:\program files (x86)\stormlib\bin\stormlib_dll\win32\release\deflate.obj
c:\program files (x86)\stormlib\bin\stormlib_dll\win32\release\crc32.obj
c:\program files (x86)\stormlib\bin\stormlib_dll\win32\release\compress_zlib.obj
c:\program files (x86)\stormlib\bin\stormlib_dll\win32\release\adler32.obj
c:\program files (x86)\stormlib\bin\stormlib_dll\win32\release\implode.obj
c:\program files (x86)\stormlib\bin\stormlib_dll\win32\release\explode.obj
c:\program files (x86)\stormlib\bin\stormlib_dll\win32\release\threads.obj
c:\program files (x86)\stormlib\bin\stormlib_dll\win32\release\lzmaenc.obj
c:\program files (x86)\stormlib\bin\stormlib_dll\win32\release\lzmadec.obj
c:\program files (x86)\stormlib\bin\stormlib_dll\win32\release\lzfindmt.obj
c:\program files (x86)\stormlib\bin\stormlib_dll\win32\release\lzfind.obj
c:\program files (x86)\stormlib\bin\stormlib_dll\win32\release\bncore.obj
c:\program files (x86)\stormlib\bin\stormlib_dll\win32\release\bn_s_mp_sub.obj
c:\program files (x86)\stormlib\bin\stormlib_dll\win32\release\bn_s_mp_sqr.obj
c:\program files (x86)\stormlib\bin\stormlib_dll\win32\release\sparse.obj
c:\program files (x86)\stormlib\bin\stormlib_dll\win32\release\huff.obj
c:\program files (x86)\stormlib\bin\stormlib_dll\win32\release\adpcm.obj
c:\program files (x86)\stormlib\bin\stormlib_dll\win32\release\sfilepatcharchives.obj
c:\program files (x86)\stormlib\bin\stormlib_dll\win32\release\sbasesubtypes.obj
c:\program files (x86)\stormlib\bin\stormlib_dll\win32\release\dllmain.obj
c:\program files (x86)\stormlib\bin\stormlib_dll\win32\release\sfileverify.obj
c:\program files (x86)\stormlib\bin\stormlib_dll\win32\release\sfilereadfile.obj
c:\program files (x86)\stormlib\bin\stormlib_dll\win32\release\sfileopenfileex.obj
c:\program files (x86)\stormlib\bin\stormlib_dll\win32\release\sfileopenarchive.obj
c:\program files (x86)\stormlib\bin\stormlib_dll\win32\release\sfilelistfile.obj
c:\program files (x86)\stormlib\bin\stormlib_dll\win32\release\sfilegetfileinfo.obj
c:\program files (x86)\stormlib\bin\stormlib_dll\win32\release\sfilefindfile.obj
c:\program files (x86)\stormlib\bin\stormlib_dll\win32\release\sfileextractfile.obj
c:\program files (x86)\stormlib\bin\stormlib_dll\win32\release\sfilecreatearchive.obj
c:\program files (x86)\stormlib\bin\stormlib_dll\win32\release\sfilecompactarchive.obj
c:\program files (x86)\stormlib\bin\stormlib_dll\win32\release\sfileattributes.obj
c:\program files (x86)\stormlib\bin\stormlib_dll\win32\release\sfileaddfile.obj
c:\program files (x86)\stormlib\bin\stormlib_dll\win32\release\scompression.obj
c:\program files (x86)\stormlib\bin\stormlib_dll\win32\release\sbasefiletable.obj
c:\program files (x86)\stormlib\bin\stormlib_dll\win32\release\sbasecommon.obj
c:\program files (x86)\stormlib\bin\stormlib_dll\win32\release\filestream.obj
c:\program files (x86)\stormlib\bin\stormlib_dll\win32\release\stormlib_dll.vcxprojresolveassemblyreference.cache
c:\program files (x86)\stormlib\bin\stormlib_dll\win32\release\cl.command.1.tlog
c:\program files (x86)\stormlib\bin\stormlib_dll\win32\release\cl.read.1.tlog
c:\program files (x86)\stormlib\bin\stormlib_dll\win32\release\cl.write.1.tlog
c:\program files (x86)\stormlib\bin\stormlib_dll\win32\release\link.command.1.tlog
c:\program files (x86)\stormlib\bin\stormlib_dll\win32\release\link.read.1.tlog
c:\program files (x86)\stormlib\bin\stormlib_dll\win32\release\link.write.1.tlog
c:\program files (x86)\stormlib\bin\stormlib_dll\win32\release\mt.command.1.tlog
c:\program files (x86)\stormlib\bin\stormlib_dll\win32\release\mt.read.1.tlog
c:\program files (x86)\stormlib\bin\stormlib_dll\win32\release\mt.write.1.tlog
c:\program files (x86)\stormlib\bin\stormlib_dll\win32\release\stormlib_dll.write.1.tlog
c:\program files (x86)\stormlib\bin\stormlib_dll\win32\release\stormlib.dll.intermediate.manifest
c:\program files (x86)\stormlib\bin\stormlib_dll\win32\release\stormlib.exp
c:\program files (x86)\stormlib\bin\stormlib_dll\win32\release\stormlib.pdb
c:\program files (x86)\stormlib\bin\stormlib_dll\win32\release\vc100.pdb
c:\program files (x86)\stormlib\./bin/stormlib_dll/win32/release\stormlib.dll.intermediate.manifest
c:\program files (x86)\stormlib\bin\stormlib_dll\win32\release\stormlib_dll.tlog\cl.command.1.tlog
c:\program files (x86)\stormlib\bin\stormlib_dll\win32\release\stormlib_dll.tlog\cl.read.1.tlog
c:\program files (x86)\stormlib\bin\stormlib_dll\win32\release\stormlib_dll.tlog\cl.write.1.tlog
c:\program files (x86)\stormlib\bin\stormlib_dll\win32\release\stormlib_dll.tlog\link-cvtres.read.1.tlog
c:\program files (x86)\stormlib\bin\stormlib_dll\win32\release\stormlib_dll.tlog\link-cvtres.write.1.tlog
c:\program files (x86)\stormlib\bin\stormlib_dll\win32\release\stormlib_dll.tlog\link-rc.read.1.tlog
c:\program files (x86)\stormlib\bin\stormlib_dll\win32\release\stormlib_dll.tlog\link-rc.write.1.tlog
c:\program files (x86)\stormlib\bin\stormlib_dll\win32\release\stormlib_dll.tlog\link.command.1.tlog
c:\program files (x86)\stormlib\bin\stormlib_dll\win32\release\stormlib_dll.tlog\link.read.1.tlog
c:\program files (x86)\stormlib\bin\stormlib_dll\win32\release\stormlib_dll.tlog\link.write.1.tlog
